#
# There is insufficient memory for the Java Runtime Environment to continue.
# Native memory allocation (malloc) failed to allocate 1193296 bytes for Chunk::new
# Possible reasons:
#   The system is out of physical RAM or swap space
#   The process is running with CompressedOops enabled, and the Java Heap may be blocking the growth of the native heap
# Possible solutions:
#   Reduce memory load on the system
#   Increase physical memory or swap space
#   Check if swap backing store is full
#   Decrease Java heap size (-Xmx/-Xms)
#   Decrease number of Java threads
#   Decrease Java thread stack sizes (-Xss)
#   Set larger code cache with -XX:ReservedCodeCacheSize=
#   JVM is running with Unscaled Compressed Oops mode in which the Java heap is
#     placed in the first 4GB address space. The Java Heap base address is the
#     maximum limit for the native heap growth. Please use -XX:HeapBaseMinAddress
#     to set the Java Heap base and to place the Java Heap above 4GB virtual address.
# This output file may be truncated or incomplete.
#
#  Out of Memory Error (allocation.cpp:389), pid=4712, tid=0x000000000000073c
#
# JRE version: OpenJDK Runtime Environment (8.0_202-b03) (build 1.8.0_202-release-1483-b03)
# Java VM: OpenJDK 64-Bit Server VM (25.202-b03 mixed mode windows-amd64 compressed oops)
# Failed to write core dump. Minidumps are not enabled by default on client versions of Windows
#

---------------  T H R E A D  ---------------

Current thread (0x00000000185db800):  JavaThread "C2 CompilerThread0" daemon [_thread_in_native, id=1852, stack(0x0000000019c30000,0x0000000019d30000)]

Stack: [0x0000000019c30000,0x0000000019d30000]
[error occurred during error reporting (printing stack bounds), id 0xc0000005]

Native frames: (J=compiled Java code, j=interpreted, Vv=VM code, C=native code)


Current CompileTask:
C2:1165941 18440       4       com.android.tools.r8.ir.conversion.N::a (5667 bytes)


---------------  P R O C E S S  ---------------

Java Threads: ( => current thread )
  0x00000000240d7800 JavaThread "ForkJoinPool-6-worker-0" daemon [_thread_blocked, id=10000, stack(0x000000002ee90000,0x000000002ef90000)]
  0x00000000240d1800 JavaThread "ForkJoinPool-6-worker-3" daemon [_thread_in_Java, id=13344, stack(0x000000002ed90000,0x000000002ee90000)]
  0x00000000240d8800 JavaThread "ForkJoinPool-6-worker-2" daemon [_thread_blocked, id=2992, stack(0x000000002ec90000,0x000000002ed90000)]
  0x00000000240d6000 JavaThread "ForkJoinPool-6-worker-1" daemon [_thread_blocked, id=7208, stack(0x000000002eb90000,0x000000002ec90000)]
  0x00000000240d4800 JavaThread "WorkerExecutor Queue Thread 7" [_thread_blocked, id=6804, stack(0x000000002d6c0000,0x000000002d7c0000)]
  0x000000001e728800 JavaThread "Cache worker for Java compile cache (C:\Users\colter.christensen\Desktop\ShapeItFinal\.gradle\5.4.1\javaCompile)" [_thread_blocked, id=11556, stack(0x000000002b220000,0x000000002b320000)]
  0x000000001e728000 JavaThread "Cache worker for Java compile cache (C:\Users\colter.christensen\.gradle\caches\5.4.1\javaCompile)" [_thread_blocked, id=9544, stack(0x000000002b120000,0x000000002b220000)]
  0x000000001e726800 JavaThread "WorkerExecutor Queue Thread 5" [_thread_blocked, id=13120, stack(0x000000002b020000,0x000000002b120000)]
  0x000000001e724000 JavaThread "stdout" [_thread_in_native, id=14324, stack(0x000000002af20000,0x000000002b020000)]
  0x000000001e729800 JavaThread "stderr" [_thread_in_native, id=9984, stack(0x000000002ae20000,0x000000002af20000)]
  0x000000001e722800 JavaThread "stdout" [_thread_in_native, id=14044, stack(0x000000002ad20000,0x000000002ae20000)]
  0x000000001e723000 JavaThread "stderr" [_thread_in_native, id=10308, stack(0x000000002ac20000,0x000000002ad20000)]
  0x000000001e725000 JavaThread "stdout" [_thread_in_native, id=16272, stack(0x000000002ab20000,0x000000002ac20000)]
  0x000000001e725800 JavaThread "stderr" [_thread_in_native, id=12608, stack(0x000000002aa20000,0x000000002ab20000)]
  0x000000001e71e800 JavaThread "stdout" [_thread_in_native, id=12824, stack(0x000000002a920000,0x000000002aa20000)]
  0x000000001e71b000 JavaThread "stderr" [_thread_in_native, id=12984, stack(0x000000002a820000,0x000000002a920000)]
  0x000000001e71c800 JavaThread "pool-7-thread-1" [_thread_blocked, id=1748, stack(0x000000002a720000,0x000000002a820000)]
  0x000000001e71b800 JavaThread "MarlinRenderer Disposer" daemon [_thread_blocked, id=15312, stack(0x000000002a620000,0x000000002a720000)]
  0x000000001e721800 JavaThread "Java2D Disposer" daemon [_thread_blocked, id=9032, stack(0x000000002a520000,0x000000002a620000)]
  0x000000001e71f800 JavaThread "WorkerExecutor Queue Thread 3" [_thread_blocked, id=9860, stack(0x000000002a020000,0x000000002a120000)]
  0x000000001f5f7000 JavaThread "WorkerExecutor Queue" [_thread_blocked, id=15912, stack(0x0000000029e20000,0x0000000029f20000)]
  0x000000001f5fc800 JavaThread "Cache worker for execution history cache (C:\Users\colter.christensen\Desktop\ShapeItFinal\.gradle\5.4.1\executionHistory)" [_thread_blocked, id=13164, stack(0x0000000029d20000,0x0000000029e20000)]
  0x000000001f5f6800 JavaThread "Execution worker for ':' Thread 3" [_thread_blocked, id=15628, stack(0x0000000029c20000,0x0000000029d20000)]
  0x000000001f5fb000 JavaThread "Execution worker for ':' Thread 2" [_thread_blocked, id=12240, stack(0x0000000029b20000,0x0000000029c20000)]
  0x000000001f5f8000 JavaThread "Execution worker for ':'" [_thread_blocked, id=692, stack(0x0000000029a20000,0x0000000029b20000)]
  0x000000001f5ed000 JavaThread "Cache worker for file content cache (C:\Users\colter.christensen\Desktop\ShapeItFinal\.gradle\5.4.1\fileContent)" [_thread_blocked, id=16136, stack(0x0000000029920000,0x0000000029a20000)]
  0x000000001f5f3800 JavaThread "Cache worker for file content cache (C:\Users\colter.christensen\.gradle\caches\5.4.1\fileContent)" [_thread_blocked, id=11036, stack(0x0000000029820000,0x0000000029920000)]
  0x000000001f5ef800 JavaThread "Cache worker for Build Output Cleanup Cache (C:\Users\colter.christensen\Desktop\ShapeItFinal\.gradle\buildOutputCleanup)" [_thread_blocked, id=10916, stack(0x0000000029720000,0x0000000029820000)]
  0x000000001f5d2800 JavaThread "pool-6-thread-1" [_thread_blocked, id=12648, stack(0x0000000029620000,0x0000000029720000)]
  0x000000001f5d1000 JavaThread "Build operations Thread 4" [_thread_blocked, id=14868, stack(0x0000000029520000,0x0000000029620000)]
  0x000000001f5d4800 JavaThread "Build operations Thread 3" [_thread_blocked, id=12244, stack(0x0000000029420000,0x0000000029520000)]
  0x000000001f5d0000 JavaThread "Build operations Thread 2" [_thread_blocked, id=6436, stack(0x0000000029320000,0x0000000029420000)]
  0x000000001f5d4000 JavaThread "Build operations" [_thread_blocked, id=2908, stack(0x0000000029220000,0x0000000029320000)]
  0x000000001f5d6000 JavaThread "Cache worker for cache directory md-rule (C:\Users\colter.christensen\.gradle\caches\5.4.1\md-rule)" [_thread_blocked, id=10880, stack(0x0000000029120000,0x0000000029220000)]
  0x000000001f5c9800 JavaThread "Cache worker for cache directory md-supplier (C:\Users\colter.christensen\.gradle\caches\5.4.1\md-supplier)" [_thread_blocked, id=14224, stack(0x0000000029020000,0x0000000029120000)]
  0x000000001f5c8000 JavaThread "Cache worker for file hash cache (C:\Users\colter.christensen\Desktop\ShapeItFinal\.gradle\5.4.1\fileHashes)" [_thread_blocked, id=10760, stack(0x0000000028f20000,0x0000000029020000)]
  0x000000001f5ce800 JavaThread "Thread-68" [_thread_blocked, id=5472, stack(0x0000000028e20000,0x0000000028f20000)]
  0x000000001f5ce000 JavaThread "Stdin handler" [_thread_blocked, id=2320, stack(0x0000000028d20000,0x0000000028e20000)]
  0x000000001f5cd000 JavaThread "Asynchronous log dispatcher for DefaultDaemonConnection: socket connection from /127.0.0.1:64232 to /127.0.0.1:64351" [_thread_blocked, id=13276, stack(0x0000000028c20000,0x0000000028d20000)]
  0x000000001f5c8800 JavaThread "Daemon worker Thread 4" [_thread_blocked, id=1992, stack(0x0000000028b20000,0x0000000028c20000)]
  0x000000001f5cc800 JavaThread "Cancel handler" [_thread_blocked, id=7544, stack(0x0000000028a20000,0x0000000028b20000)]
  0x000000001f5cb000 JavaThread "Handler for socket connection from /127.0.0.1:64232 to /127.0.0.1:64351" [_thread_in_native, id=3420, stack(0x0000000028920000,0x0000000028a20000)]
  0x000000001f5cb800 JavaThread "Daemon Thread 4" [_thread_blocked, id=12352, stack(0x0000000028820000,0x0000000028920000)]
  0x000000001f5fa000 JavaThread "Memory manager" [_thread_blocked, id=10892, stack(0x0000000023a60000,0x0000000023b60000)]
  0x000000001f5f0000 JavaThread "Cache worker for execution history cache (C:\Users\colter.christensen\.gradle\caches\5.4.1\executionHistory)" [_thread_blocked, id=15196, stack(0x00000000226f0000,0x00000000227f0000)]
  0x000000001b99e800 JavaThread "Cache worker for journal cache (C:\Users\colter.christensen\.gradle\caches\journal-1)" [_thread_blocked, id=10496, stack(0x000000001d180000,0x000000001d280000)]
  0x000000001b99d800 JavaThread "File lock request listener" [_thread_in_native, id=16184, stack(0x000000001d080000,0x000000001d180000)]
  0x000000001b9a2000 JavaThread "Cache worker for file hash cache (C:\Users\colter.christensen\.gradle\caches\5.4.1\fileHashes)" [_thread_blocked, id=16180, stack(0x000000001cf80000,0x000000001d080000)]
  0x000000001b503800 JavaThread "Daemon periodic checks" [_thread_blocked, id=10356, stack(0x000000001c580000,0x000000001c680000)]
  0x000000001b4fb000 JavaThread "Incoming local TCP Connector on port 64232" [_thread_in_native, id=12800, stack(0x000000001c340000,0x000000001c440000)]
  0x000000001b22a000 JavaThread "Daemon health stats" [_thread_blocked, id=16208, stack(0x000000001bd00000,0x000000001be00000)]
  0x0000000019e4e000 JavaThread "Service Thread" daemon [_thread_blocked, id=14644, stack(0x000000001a330000,0x000000001a430000)]
  0x0000000019e30800 JavaThread "C1 CompilerThread2" daemon [_thread_blocked, id=8476, stack(0x000000001a230000,0x000000001a330000)]
  0x00000000185e1800 JavaThread "C2 CompilerThread1" daemon [_thread_in_native, id=7504, stack(0x0000000019d30000,0x0000000019e30000)]
=>0x00000000185db800 JavaThread "C2 CompilerThread0" daemon [_thread_in_native, id=1852, stack(0x0000000019c30000,0x0000000019d30000)]
  0x00000000185da000 JavaThread "Attach Listener" daemon [_thread_blocked, id=9936, stack(0x0000000019b30000,0x0000000019c30000)]
  0x00000000185d8800 JavaThread "Signal Dispatcher" daemon [_thread_blocked, id=344, stack(0x0000000019a30000,0x0000000019b30000)]
  0x0000000004c6b000 JavaThread "Finalizer" daemon [_thread_blocked, id=11808, stack(0x0000000019830000,0x0000000019930000)]
  0x00000000185c9000 JavaThread "Reference Handler" daemon [_thread_blocked, id=2196, stack(0x0000000019730000,0x0000000019830000)]
  0x00000000032ce000 JavaThread "main" [_thread_blocked, id=12404, stack(0x0000000004a70000,0x0000000004b70000)]

Other Threads:
  0x00000000185a7000 VMThread [stack: 0x0000000019630000,0x0000000019730000] [id=6404]
  0x0000000019e4f800 WatcherThread [stack: 0x000000001a430000,0x000000001a530000] [id=14720]

VM state:not at safepoint (normal execution)

VM Mutex/Monitor currently owned by a thread: None

heap address: 0x00000000a0000000, size: 1536 MB, Compressed Oops mode: 32-bit
Narrow klass base: 0x0000000000000000, Narrow klass shift: 3
Compressed class space size: 1073741824 Address: 0x0000000100000000

Heap:
 PSYoungGen      total 339968K, used 154026K [0x00000000e0000000, 0x00000000f6a80000, 0x0000000100000000)
  eden space 313856K, 49% used [0x00000000e0000000,0x00000000e966aab0,0x00000000f3280000)
  from space 26112K, 0% used [0x00000000f3280000,0x00000000f3280000,0x00000000f4c00000)
  to   space 27136K, 0% used [0x00000000f4c00000,0x00000000f4c00000,0x00000000f6680000)
 ParOldGen       total 92160K, used 85186K [0x00000000a0000000, 0x00000000a5a00000, 0x00000000e0000000)
  object space 92160K, 92% used [0x00000000a0000000,0x00000000a5330b38,0x00000000a5a00000)
 Metaspace       used 95678K, capacity 99856K, committed 100056K, reserved 1136640K
  class space    used 12095K, capacity 12928K, committed 13056K, reserved 1048576K

Card table byte_map: [0x0000000014030000,0x0000000014340000] byte_map_base: 0x0000000013b30000

Marking Bits: (ParMarkBitMap*) 0x000000005bef9f30
 Begin Bits: [0x0000000014940000, 0x0000000016140000)
 End Bits:   [0x0000000016140000, 0x0000000017940000)

Polling page: 0x0000000004a10000

CodeCache: size=245760Kb used=56660Kb max_used=57020Kb free=189099Kb
 bounds [0x0000000004c70000, 0x00000000084f0000, 0x0000000013c70000]
 total_blobs=17560 nmethods=16568 adapters=904
 compilation: enabled

Compilation events (10 events):
Event: 1165.719 Thread 0x0000000019e30800 20139 %     3       com.android.tools.r8.dex.DexParser::i @ 15 (35 bytes)
Event: 1165.720 Thread 0x0000000019e30800 nmethod 20139% 0x0000000007bb8690 code [0x0000000007bb8840, 0x0000000007bb8e18]
Event: 1165.813 Thread 0x0000000019e30800 20140       2       com.android.tools.r8.code.K::<init> (7 bytes)
Event: 1165.813 Thread 0x0000000019e30800 nmethod 20140 0x00000000079ae8d0 code [0x00000000079aea20, 0x00000000079aebd0]
Event: 1165.841 Thread 0x0000000019e30800 20142       2       com.android.tools.r8.code.o::<init> (7 bytes)
Event: 1165.841 Thread 0x0000000019e30800 nmethod 20142 0x0000000005aa3e10 code [0x0000000005aa3f60, 0x0000000005aa4110]
Event: 1165.843 Thread 0x0000000019e30800 20143       2       com.android.tools.r8.code.u1::<init> (7 bytes)
Event: 1165.843 Thread 0x0000000019e30800 nmethod 20143 0x0000000007b0b650 code [0x0000000007b0b7c0, 0x0000000007b0ba58]
Event: 1165.844 Thread 0x0000000019e30800 20144       2       com.android.tools.r8.code.t1::<init> (7 bytes)
Event: 1165.844 Thread 0x0000000019e30800 nmethod 20144 0x0000000006fd0ed0 code [0x0000000006fd1020, 0x0000000006fd11d0]

GC Heap History (10 events):
Event: 1156.218 GC heap before
{Heap before GC invocations=24 (full 4):
 PSYoungGen      total 299520K, used 274432K [0x00000000e0000000, 0x00000000f6680000, 0x0000000100000000)
  eden space 274432K, 100% used [0x00000000e0000000,0x00000000f0c00000,0x00000000f0c00000)
  from space 25088K, 0% used [0x00000000f0c00000,0x00000000f0c00000,0x00000000f2480000)
  to   space 27136K, 0% used [0x00000000f4c00000,0x00000000f4c00000,0x00000000f6680000)
 ParOldGen       total 92160K, used 66972K [0x00000000a0000000, 0x00000000a5a00000, 0x00000000e0000000)
  object space 92160K, 72% used [0x00000000a0000000,0x00000000a4167378,0x00000000a5a00000)
 Metaspace       used 94213K, capacity 98274K, committed 98536K, reserved 1134592K
  class space    used 11977K, capacity 12751K, committed 12800K, reserved 1048576K
Event: 1156.248 GC heap after
Heap after GC invocations=24 (full 4):
 PSYoungGen      total 340992K, used 8120K [0x00000000e0000000, 0x00000000f6a80000, 0x0000000100000000)
  eden space 313856K, 0% used [0x00000000e0000000,0x00000000e0000000,0x00000000f3280000)
  from space 27136K, 29% used [0x00000000f4c00000,0x00000000f53ee0a0,0x00000000f6680000)
  to   space 26112K, 0% used [0x00000000f3280000,0x00000000f3280000,0x00000000f4c00000)
 ParOldGen       total 92160K, used 66980K [0x00000000a0000000, 0x00000000a5a00000, 0x00000000e0000000)
  object space 92160K, 72% used [0x00000000a0000000,0x00000000a4169378,0x00000000a5a00000)
 Metaspace       used 94213K, capacity 98274K, committed 98536K, reserved 1134592K
  class space    used 11977K, capacity 12751K, committed 12800K, reserved 1048576K
}
Event: 1157.998 GC heap before
{Heap before GC invocations=25 (full 4):
 PSYoungGen      total 340992K, used 321976K [0x00000000e0000000, 0x00000000f6a80000, 0x0000000100000000)
  eden space 313856K, 100% used [0x00000000e0000000,0x00000000f3280000,0x00000000f3280000)
  from space 27136K, 29% used [0x00000000f4c00000,0x00000000f53ee0a0,0x00000000f6680000)
  to   space 26112K, 0% used [0x00000000f3280000,0x00000000f3280000,0x00000000f4c00000)
 ParOldGen       total 92160K, used 66980K [0x00000000a0000000, 0x00000000a5a00000, 0x00000000e0000000)
  object space 92160K, 72% used [0x00000000a0000000,0x00000000a4169378,0x00000000a5a00000)
 Metaspace       used 94661K, capacity 98816K, committed 98904K, reserved 1134592K
  class space    used 12028K, capacity 12844K, committed 12928K, reserved 1048576K
Event: 1158.017 GC heap after
Heap after GC invocations=25 (full 4):
 PSYoungGen      total 339968K, used 13427K [0x00000000e0000000, 0x00000000f6a80000, 0x0000000100000000)
  eden space 313856K, 0% used [0x00000000e0000000,0x00000000e0000000,0x00000000f3280000)
  from space 26112K, 51% used [0x00000000f3280000,0x00000000f3f9cfb0,0x00000000f4c00000)
  to   space 27136K, 0% used [0x00000000f4c00000,0x00000000f4c00000,0x00000000f6680000)
 ParOldGen       total 92160K, used 66988K [0x00000000a0000000, 0x00000000a5a00000, 0x00000000e0000000)
  object space 92160K, 72% used [0x00000000a0000000,0x00000000a416b378,0x00000000a5a00000)
 Metaspace       used 94661K, capacity 98816K, committed 98904K, reserved 1134592K
  class space    used 12028K, capacity 12844K, committed 12928K, reserved 1048576K
}
Event: 1160.070 GC heap before
{Heap before GC invocations=26 (full 4):
 PSYoungGen      total 339968K, used 327283K [0x00000000e0000000, 0x00000000f6a80000, 0x0000000100000000)
  eden space 313856K, 100% used [0x00000000e0000000,0x00000000f3280000,0x00000000f3280000)
  from space 26112K, 51% used [0x00000000f3280000,0x00000000f3f9cfb0,0x00000000f4c00000)
  to   space 27136K, 0% used [0x00000000f4c00000,0x00000000f4c00000,0x00000000f6680000)
 ParOldGen       total 92160K, used 66988K [0x00000000a0000000, 0x00000000a5a00000, 0x00000000e0000000)
  object space 92160K, 72% used [0x00000000a0000000,0x00000000a416b378,0x00000000a5a00000)
 Metaspace       used 94850K, capacity 99032K, committed 99160K, reserved 1136640K
  class space    used 12031K, capacity 12844K, committed 12928K, reserved 1048576K
Event: 1160.102 GC heap after
Heap after GC invocations=26 (full 4):
 PSYoungGen      total 340992K, used 16181K [0x00000000e0000000, 0x00000000f6a80000, 0x0000000100000000)
  eden space 313856K, 0% used [0x00000000e0000000,0x00000000e0000000,0x00000000f3280000)
  from space 27136K, 59% used [0x00000000f4c00000,0x00000000f5bcd4b8,0x00000000f6680000)
  to   space 26112K, 0% used [0x00000000f3280000,0x00000000f3280000,0x00000000f4c00000)
 ParOldGen       total 92160K, used 66988K [0x00000000a0000000, 0x00000000a5a00000, 0x00000000e0000000)
  object space 92160K, 72% used [0x00000000a0000000,0x00000000a416b378,0x00000000a5a00000)
 Metaspace       used 94850K, capacity 99032K, committed 99160K, reserved 1136640K
  class space    used 12031K, capacity 12844K, committed 12928K, reserved 1048576K
}
Event: 1163.666 GC heap before
{Heap before GC invocations=27 (full 4):
 PSYoungGen      total 340992K, used 330037K [0x00000000e0000000, 0x00000000f6a80000, 0x0000000100000000)
  eden space 313856K, 100% used [0x00000000e0000000,0x00000000f3280000,0x00000000f3280000)
  from space 27136K, 59% used [0x00000000f4c00000,0x00000000f5bcd4b8,0x00000000f6680000)
  to   space 26112K, 0% used [0x00000000f3280000,0x00000000f3280000,0x00000000f4c00000)
 ParOldGen       total 92160K, used 66988K [0x00000000a0000000, 0x00000000a5a00000, 0x00000000e0000000)
  object space 92160K, 72% used [0x00000000a0000000,0x00000000a416b378,0x00000000a5a00000)
 Metaspace       used 95531K, capacity 99778K, committed 100056K, reserved 1136640K
  class space    used 12085K, capacity 12927K, committed 13056K, reserved 1048576K
Event: 1163.756 GC heap after
Heap after GC invocations=27 (full 4):
 PSYoungGen      total 339968K, used 26090K [0x00000000e0000000, 0x00000000f6a80000, 0x0000000100000000)
  eden space 313856K, 0% used [0x00000000e0000000,0x00000000e0000000,0x00000000f3280000)
  from space 26112K, 99% used [0x00000000f3280000,0x00000000f4bfab60,0x00000000f4c00000)
  to   space 27136K, 0% used [0x00000000f4c00000,0x00000000f4c00000,0x00000000f6680000)
 ParOldGen       total 92160K, used 79556K [0x00000000a0000000, 0x00000000a5a00000, 0x00000000e0000000)
  object space 92160K, 86% used [0x00000000a0000000,0x00000000a4db12e0,0x00000000a5a00000)
 Metaspace       used 95531K, capacity 99778K, committed 100056K, reserved 1136640K
  class space    used 12085K, capacity 12927K, committed 13056K, reserved 1048576K
}
Event: 1163.756 GC heap before
{Heap before GC invocations=28 (full 5):
 PSYoungGen      total 339968K, used 26090K [0x00000000e0000000, 0x00000000f6a80000, 0x0000000100000000)
  eden space 313856K, 0% used [0x00000000e0000000,0x00000000e0000000,0x00000000f3280000)
  from space 26112K, 99% used [0x00000000f3280000,0x00000000f4bfab60,0x00000000f4c00000)
  to   space 27136K, 0% used [0x00000000f4c00000,0x00000000f4c00000,0x00000000f6680000)
 ParOldGen       total 92160K, used 79556K [0x00000000a0000000, 0x00000000a5a00000, 0x00000000e0000000)
  object space 92160K, 86% used [0x00000000a0000000,0x00000000a4db12e0,0x00000000a5a00000)
 Metaspace       used 95531K, capacity 99778K, committed 100056K, reserved 1136640K
  class space    used 12085K, capacity 12927K, committed 13056K, reserved 1048576K
Event: 1164.175 GC heap after
Heap after GC invocations=28 (full 5):
 PSYoungGen      total 339968K, used 0K [0x00000000e0000000, 0x00000000f6a80000, 0x0000000100000000)
  eden space 313856K, 0% used [0x00000000e0000000,0x00000000e0000000,0x00000000f3280000)
  from space 26112K, 0% used [0x00000000f3280000,0x00000000f3280000,0x00000000f4c00000)
  to   space 27136K, 0% used [0x00000000f4c00000,0x00000000f4c00000,0x00000000f6680000)
 ParOldGen       total 92160K, used 85186K [0x00000000a0000000, 0x00000000a5a00000, 0x00000000e0000000)
  object space 92160K, 92% used [0x00000000a0000000,0x00000000a5330b38,0x00000000a5a00000)
 Metaspace       used 95531K, capacity 99778K, committed 100056K, reserved 1136640K
  class space    used 12085K, capacity 12927K, committed 13056K, reserved 1048576K
}

Deoptimization events (10 events):
Event: 1162.992 Thread 0x000000001f5fb000 Uncommon trap: reason=unstable_if action=reinterpret pc=0x0000000005176644 method=org.gradle.cache.internal.LoggingEvictionListener.onRemoval(Lcom/google/common/cache/RemovalNotification;)V @ 7
Event: 1162.993 Thread 0x000000001f5c8800 Uncommon trap: reason=unstable_if action=reinterpret pc=0x0000000006914c60 method=com.google.common.cache.LocalCache$Segment.evictEntries(Lcom/google/common/cache/ReferenceEntry;)V @ 69
Event: 1162.993 Thread 0x000000001f5c8800 Uncommon trap: reason=class_check action=maybe_recompile pc=0x0000000007243ae0 method=com.google.common.cache.LocalCache$Segment.enqueueNotification(Ljava/lang/Object;ILjava/lang/Object;ILcom/google/common/cache/RemovalCause;)V @ 24
Event: 1162.994 Thread 0x000000001f5f6800 Uncommon trap: reason=class_check action=maybe_recompile pc=0x0000000007243ae0 method=com.google.common.cache.LocalCache$Segment.enqueueNotification(Ljava/lang/Object;ILjava/lang/Object;ILcom/google/common/cache/RemovalCause;)V @ 24
Event: 1162.994 Thread 0x000000001f5c8800 Uncommon trap: reason=class_check action=maybe_recompile pc=0x0000000007243ae0 method=com.google.common.cache.LocalCache$Segment.enqueueNotification(Ljava/lang/Object;ILjava/lang/Object;ILcom/google/common/cache/RemovalCause;)V @ 24
Event: 1163.142 Thread 0x000000001f5fb000 Uncommon trap: reason=bimorphic action=maybe_recompile pc=0x0000000005d64250 method=org.gradle.internal.fingerprint.impl.DefaultFileSystemLocationFingerprint.<init>(Ljava/lang/String;Lorg/gradle/internal/snapshot/FileSystemLocationSnapshot;)V @ 3
Event: 1163.142 Thread 0x000000001f5fb000 Uncommon trap: reason=bimorphic action=maybe_recompile pc=0x0000000005d64250 method=org.gradle.internal.fingerprint.impl.DefaultFileSystemLocationFingerprint.<init>(Ljava/lang/String;Lorg/gradle/internal/snapshot/FileSystemLocationSnapshot;)V @ 3
Event: 1163.376 Thread 0x00000000240d6000 Uncommon trap: reason=unstable_if action=reinterpret pc=0x00000000061678f0 method=java.util.Arrays.hashCode([Ljava/lang/Object;)I @ 1
Event: 1165.209 Thread 0x00000000240d1800 Uncommon trap: reason=unstable_if action=reinterpret pc=0x0000000006b8a6c4 method=java.nio.Bits.copyFromArray(Ljava/lang/Object;JJJJ)V @ 18
Event: 1165.599 Thread 0x00000000240d4800 Uncommon trap: reason=unstable_if action=reinterpret pc=0x00000000077c8004 method=java.nio.Bits.copyToArray(JLjava/lang/Object;JJJ)V @ 19

Classes redefined (0 events):
No events

Internal exceptions (10 events):
Event: 1162.129 Thread 0x000000001e726800 Exception <a 'sun/nio/fs/WindowsException'> (0x00000000ee29a0c8) thrown at [D:\src\AOSP-openjdk-cygwin\jdk8u\hotspot\src\share\vm\prims\jni.cpp, line 710]
Event: 1162.134 Thread 0x000000001e726800 Exception <a 'sun/nio/fs/WindowsException'> (0x00000000ee2a1840) thrown at [D:\src\AOSP-openjdk-cygwin\jdk8u\hotspot\src\share\vm\prims\jni.cpp, line 710]
Event: 1162.139 Thread 0x000000001e726800 Exception <a 'sun/nio/fs/WindowsException'> (0x00000000ee328328) thrown at [D:\src\AOSP-openjdk-cygwin\jdk8u\hotspot\src\share\vm\prims\jni.cpp, line 710]
Event: 1162.145 Thread 0x000000001e726800 Exception <a 'sun/nio/fs/WindowsException'> (0x00000000ee32fc58) thrown at [D:\src\AOSP-openjdk-cygwin\jdk8u\hotspot\src\share\vm\prims\jni.cpp, line 710]
Event: 1162.150 Thread 0x000000001e726800 Exception <a 'sun/nio/fs/WindowsException'> (0x00000000ee3f6480) thrown at [D:\src\AOSP-openjdk-cygwin\jdk8u\hotspot\src\share\vm\prims\jni.cpp, line 710]
Event: 1162.632 Thread 0x000000001f5f8000 Exception <a 'java/lang/NoSuchMethodError': <clinit>> (0x00000000ee817270) thrown at [D:\src\AOSP-openjdk-cygwin\jdk8u\hotspot\src\share\vm\prims\jni.cpp, line 1614]
Event: 1163.127 Thread 0x000000001e71f800 Exception <a 'sun/nio/fs/WindowsException'> (0x00000000ef4c27f0) thrown at [D:\src\AOSP-openjdk-cygwin\jdk8u\hotspot\src\share\vm\prims\jni.cpp, line 710]
Event: 1163.376 Thread 0x00000000240d6000 Implicit null exception at 0x00000000061677ef to 0x00000000061678e1
Event: 1165.207 Thread 0x00000000240d1800 Exception <a 'sun/nio/fs/WindowsException'> (0x00000000e5eecf28) thrown at [D:\src\AOSP-openjdk-cygwin\jdk8u\hotspot\src\share\vm\prims\jni.cpp, line 710]
Event: 1165.601 Thread 0x00000000240d4800 Exception <a 'sun/nio/fs/WindowsException'> (0x00000000e65afac8) thrown at [D:\src\AOSP-openjdk-cygwin\jdk8u\hotspot\src\share\vm\prims\jni.cpp, line 710]

Events (10 events):
Event: 1165.707 Thread 0x00000000240d6000 Thread added: 0x00000000240d6000
Event: 1165.707 Thread 0x00000000240d8800 Thread added: 0x00000000240d8800
Event: 1165.709 Thread 0x00000000240d1800 Thread added: 0x00000000240d1800
Event: 1165.709 Thread 0x00000000240d7800 Thread added: 0x00000000240d7800
Event: 1165.710 Executing VM operation: BulkRevokeBias
Event: 1165.712 Executing VM operation: BulkRevokeBias done
Event: 1165.712 Executing VM operation: RevokeBias
Event: 1165.712 Executing VM operation: RevokeBias done
Event: 1165.713 Executing VM operation: RevokeBias
Event: 1165.713 Executing VM operation: RevokeBias done


Dynamic libraries:
0x00007ff71dfa0000 - 0x00007ff71dfd1000 	C:\Program Files\Android\Android Studio\jre\bin\java.exe
0x00007ffeb16d0000 - 0x00007ffeb18b0000 	C:\WINDOWS\SYSTEM32\ntdll.dll
0x00007ffeb0b20000 - 0x00007ffeb0bce000 	C:\WINDOWS\System32\KERNEL32.DLL
0x00007ffeae750000 - 0x00007ffeae9b6000 	C:\WINDOWS\System32\KERNELBASE.dll
0x00007ffeaf630000 - 0x00007ffeaf6d1000 	C:\WINDOWS\System32\ADVAPI32.dll
0x00007ffeaf420000 - 0x00007ffeaf4bd000 	C:\WINDOWS\System32\msvcrt.dll
0x00007ffeaf5c0000 - 0x00007ffeaf61b000 	C:\WINDOWS\System32\sechost.dll
0x00007ffeaf300000 - 0x00007ffeaf41f000 	C:\WINDOWS\System32\RPCRT4.dll
0x00007ffeaee00000 - 0x00007ffeaef8f000 	C:\WINDOWS\System32\USER32.dll
0x00007ffeae270000 - 0x00007ffeae290000 	C:\WINDOWS\System32\win32u.dll
0x00007ffeaf4d0000 - 0x00007ffeaf4f8000 	C:\WINDOWS\System32\GDI32.dll
0x00007ffeae5b0000 - 0x00007ffeae743000 	C:\WINDOWS\System32\gdi32full.dll
0x00007ffeae290000 - 0x00007ffeae32b000 	C:\WINDOWS\System32\msvcp_win.dll
0x00007ffeae9c0000 - 0x00007ffeaeab4000 	C:\WINDOWS\System32\ucrtbase.dll
0x00007ffe9c680000 - 0x00007ffe9c8e9000 	C:\WINDOWS\WinSxS\amd64_microsoft.windows.common-controls_6595b64144ccf1df_6.0.16299.1448_none_0f8c5c365a693f40\COMCTL32.dll
0x00007ffeb1390000 - 0x00007ffeb1696000 	C:\WINDOWS\System32\combase.dll
0x00007ffeaeac0000 - 0x00007ffeaeb38000 	C:\WINDOWS\System32\bcryptPrimitives.dll
0x00007ffeb1150000 - 0x00007ffeb117d000 	C:\WINDOWS\System32\IMM32.DLL
0x000000005b570000 - 0x000000005b642000 	C:\Program Files\Android\Android Studio\jre\jre\bin\msvcr100.dll
0x000000005b730000 - 0x000000005bf76000 	C:\Program Files\Android\Android Studio\jre\jre\bin\server\jvm.dll
0x00007ffeaf4c0000 - 0x00007ffeaf4c8000 	C:\WINDOWS\System32\PSAPI.DLL
0x00007ffea2f20000 - 0x00007ffea2f29000 	C:\WINDOWS\SYSTEM32\WSOCK32.dll
0x00007ffeb1320000 - 0x00007ffeb138c000 	C:\WINDOWS\System32\WS2_32.dll
0x00007ffea2f90000 - 0x00007ffea2fb3000 	C:\WINDOWS\SYSTEM32\WINMM.dll
0x00007ffea6520000 - 0x00007ffea652a000 	C:\WINDOWS\SYSTEM32\VERSION.dll
0x00007ffea2f60000 - 0x00007ffea2f8a000 	C:\WINDOWS\SYSTEM32\winmmbase.dll
0x00007ffeae220000 - 0x00007ffeae26a000 	C:\WINDOWS\System32\cfgmgr32.dll
0x00007ffea3050000 - 0x00007ffea305f000 	C:\Program Files\Android\Android Studio\jre\jre\bin\verify.dll
0x00007ffe9bbb0000 - 0x00007ffe9bbd9000 	C:\Program Files\Android\Android Studio\jre\jre\bin\java.dll
0x00007ffe9bb90000 - 0x00007ffe9bba6000 	C:\Program Files\Android\Android Studio\jre\jre\bin\zip.dll
0x00007ffeaf6e0000 - 0x00007ffeb0b1d000 	C:\WINDOWS\System32\SHELL32.dll
0x00007ffeb1180000 - 0x00007ffeb1226000 	C:\WINDOWS\System32\shcore.dll
0x00007ffeadad0000 - 0x00007ffeae21a000 	C:\WINDOWS\System32\windows.storage.dll
0x00007ffeb10f0000 - 0x00007ffeb1141000 	C:\WINDOWS\System32\shlwapi.dll
0x00007ffeada90000 - 0x00007ffeadaa1000 	C:\WINDOWS\System32\kernel.appcore.dll
0x00007ffeada40000 - 0x00007ffeada8c000 	C:\WINDOWS\System32\powrprof.dll
0x00007ffeada20000 - 0x00007ffeada3b000 	C:\WINDOWS\System32\profapi.dll
0x00007ffe9bb70000 - 0x00007ffe9bb8a000 	C:\Program Files\Android\Android Studio\jre\jre\bin\net.dll
0x00007ffead2b0000 - 0x00007ffead316000 	C:\WINDOWS\system32\mswsock.dll
0x00007ffe9a380000 - 0x00007ffe9a391000 	C:\Program Files\Android\Android Studio\jre\jre\bin\nio.dll
0x00007ffe96a60000 - 0x00007ffe96a86000 	C:\Users\colter.christensen\.gradle\native\29\windows-amd64\native-platform.dll
0x00007ffea2b10000 - 0x00007ffea2b1d000 	C:\Program Files\Android\Android Studio\jre\jre\bin\management.dll
0x00007ffead470000 - 0x00007ffead487000 	C:\WINDOWS\SYSTEM32\CRYPTSP.dll
0x00007ffeace10000 - 0x00007ffeace43000 	C:\WINDOWS\system32\rsaenh.dll
0x00007ffead580000 - 0x00007ffead5a5000 	C:\WINDOWS\SYSTEM32\bcrypt.dll
0x00007ffead920000 - 0x00007ffead949000 	C:\WINDOWS\SYSTEM32\USERENV.dll
0x00007ffead490000 - 0x00007ffead49b000 	C:\WINDOWS\SYSTEM32\CRYPTBASE.dll
0x00007ffeacfa0000 - 0x00007ffeacfd9000 	C:\WINDOWS\SYSTEM32\IPHLPAPI.DLL
0x00007ffeb1290000 - 0x00007ffeb1298000 	C:\WINDOWS\System32\NSI.dll
0x00007ffea9c60000 - 0x00007ffea9c76000 	C:\WINDOWS\SYSTEM32\dhcpcsvc6.DLL
0x00007ffea9b60000 - 0x00007ffea9b7a000 	C:\WINDOWS\SYSTEM32\dhcpcsvc.DLL
0x00007ffe81340000 - 0x00007ffe814dc000 	C:\Program Files\Android\Android Studio\jre\jre\bin\awt.dll
0x00007ffeb0bd0000 - 0x00007ffeb0c94000 	C:\WINDOWS\System32\OLEAUT32.dll
0x00007ffeac280000 - 0x00007ffeac2aa000 	C:\WINDOWS\SYSTEM32\dwmapi.dll
0x00007ffeab2c0000 - 0x00007ffeab878000 	C:\WINDOWS\SYSTEM32\d2d1.dll
0x00007ffeae330000 - 0x00007ffeae4fe000 	C:\WINDOWS\System32\CRYPT32.dll
0x00007ffeadab0000 - 0x00007ffeadac2000 	C:\WINDOWS\System32\MSASN1.dll
0x00007ffeabea0000 - 0x00007ffeabf28000 	C:\WINDOWS\SYSTEM32\apphelp.dll
0x00007ffeac1b0000 - 0x00007ffeac245000 	C:\WINDOWS\system32\uxtheme.dll

VM Arguments:
jvm_args: -Xmx1536m -Dfile.encoding=windows-1252 -Duser.country=US -Duser.language=en -Duser.variant 
java_command: org.gradle.launcher.daemon.bootstrap.GradleDaemon 5.4.1
java_class_path (initial): C:\Users\colter.christensen\.gradle\wrapper\dists\gradle-5.4.1-all\3221gyojl5jsh0helicew7rwx\gradle-5.4.1\lib\gradle-launcher-5.4.1.jar
Launcher Type: SUN_STANDARD

Environment Variables:
PATH=C:\Program Files (x86)\Common Files\Oracle\Java\javapath;C:\WINDOWS\system32;C:\WINDOWS;C:\WINDOWS\System32\Wbem;C:\WINDOWS\System32\WindowsPowerShell\v1.0\;C:\Program Files\dotnet\;C:\Program Files\Microsoft SQL Server\130\Tools\Binn\;C:\Program Files\PuTTY\;C:\Program Files\Java\jdk\bin;C:\Program Files\Java\jre\bin;C:\Program Files\Git\cmd;C:\Users\colter.christensen\AppData\Local\Microsoft\WindowsApps
USERNAME=colter.christensen
OS=Windows_NT
PROCESSOR_IDENTIFIER=Intel64 Family 6 Model 94 Stepping 3, GenuineIntel



---------------  S Y S T E M  ---------------

OS: Windows 10.0 , 64 bit Build 16299 (10.0.16299.1146)

CPU:total 4 (initial active 4) (2 cores per cpu, 2 threads per core) family 6 model 94 stepping 3, cmov, cx8, fxsr, mmx, sse, sse2, sse3, ssse3, sse4.1, sse4.2, popcnt, avx, avx2, aes, clmul, erms, 3dnowpref, lzcnt, ht, tsc, tscinvbit, bmi1, bmi2, adx

Memory: 4k page, physical 4073228k(299352k free), swap 8553100k(1192k free)

vm_info: OpenJDK 64-Bit Server VM (25.202-b03) for windows-amd64 JRE (1.8.0_202-release-1483-b03), built by "builder" with MS VC++ 10.0 (VS2010)

time: Thu Nov 07 09:01:32 2019
timezone: Mountain Standard Time
elapsed time: 1165 seconds (0d 0h 19m 25s)

